Mar 16, 2019 11:33:46 PM SequencerMain run
INFO: Sequencer is listening at 9090
Mar 18, 2019 12:12:47 PM SequencerMain run
INFO: Sequencer is listening at 9090
Mar 21, 2019 11:38:37 AM SequencerMain run
INFO: Sequencer is listening at 9090
Mar 21, 2019 1:02:19 PM SequencerMain run
INFO: Sequencer is listening at 9090
Mar 21, 2019 1:12:16 PM SequencerMain run
INFO: Sequencer is listening at 9090
Mar 21, 2019 1:12:58 PM SequencerMain run
INFO: Sequencer is listening at 9090
Mar 21, 2019 1:13:51 PM SequencerMain run
INFO: Sequencer is listening at 9090
Mar 21, 2019 1:16:17 PM SequencerMain run
INFO: Sequencer is listening at 9090
Mar 21, 2019 1:16:41 PM SequencerMain run
INFO: Sequencer is listening at 9090
Mar 21, 2019 1:16:45 PM SequencerMain run
INFO: Sequencer is listening at 9090
Mar 21, 2019 6:56:55 PM SequencerMain run
INFO: Sequencer is listening at 9090
Mar 21, 2019 7:25:07 PM SequencerMain run
INFO: Sequencer is listening at 9090
Mar 21, 2019 7:25:30 PM SequencerMain run
INFO: Sequencer is listening at 9090
Mar 21, 2019 7:29:48 PM SequencerMain run
INFO: Sequencer is listening at 9090
Mar 21, 2019 7:41:30 PM SequencerMain run
INFO: Sequencer is listening at 9090
Mar 21, 2019 7:42:07 PM SequencerMain run
INFO: Sequencer is listening at 9090
Mar 21, 2019 7:42:55 PM SequencerMain run
INFO: Sequencer is listening at 9090
Mar 21, 2019 8:07:22 PM SequencerMain run
INFO: Sequencer is listening at 9090
Mar 21, 2019 8:07:58 PM SequencerMain run
INFO: Sequencer is listening at 9090
Mar 21, 2019 8:08:07 PM SequencerMain run
INFO: Sequencer is listening at 9090
Mar 21, 2019 8:09:37 PM SequencerMain run
INFO: Sequencer is listening at 9090
Mar 21, 2019 8:23:07 PM SequencerMain run
INFO: Sequencer is listening at 9090
Mar 21, 2019 8:30:52 PM SequencerMain run
INFO: Sequencer is listening at 9090
Mar 21, 2019 8:31:11 PM SequencerMain run
INFO: Sequencer is listening at 9090
Mar 21, 2019 8:35:16 PM SequencerMain run
INFO: Sequencer is listening at 9090
Mar 21, 2019 8:36:21 PM SequencerMain run
INFO: Sequencer is listening at 9090
Mar 28, 2019 5:59:29 PM SequencerMain run
INFO: Sequencer is listening at 9090
Mar 28, 2019 5:59:59 PM SequencerMain run
INFO: Sequencer is listening at 9090
Mar 28, 2019 6:00:43 PM SequencerMain run
INFO: Sequencer is listening at 9090
Mar 28, 2019 6:02:51 PM SequencerMain run
INFO: Sequencer is listening at 9090
Mar 28, 2019 6:34:58 PM SequencerMain run
INFO: Sequencer is listening at 9090
Mar 28, 2019 6:42:42 PM SequencerMain run
INFO: Sequencer is listening at 9090
Mar 28, 2019 6:44:59 PM SequencerMain run
INFO: Sequencer is listening at 9090
Mar 28, 2019 6:45:46 PM SequencerMain run
INFO: Sequencer is listening at 9090
Mar 28, 2019 6:46:44 PM SequencerMain run
INFO: Sequencer is listening at 9090
Mar 28, 2019 6:47:16 PM SequencerMain run
INFO: Sequencer is listening at 9090
Mar 28, 2019 6:47:28 PM SequencerMain run
INFO: Sequencer is listening at 9090
Mar 28, 2019 6:51:10 PM SequencerMain run
INFO: Sequencer is listening at 9090
Mar 28, 2019 6:52:10 PM SequencerMain run
INFO: Sequencer is listening at 9090
Mar 28, 2019 6:52:13 PM SequencerMain run
INFO: Sequencer is listening at 9090
Mar 28, 2019 7:21:50 PM SequencerMain run
INFO: Sequencer is listening at 9090
Mar 28, 2019 7:23:37 PM SequencerMain run
INFO: Sequencer is listening at 9090
Mar 28, 2019 7:23:49 PM SequencerMain run
INFO: Sequencer is listening at 9090
Mar 28, 2019 7:46:52 PM SequencerMain run
INFO: Sequencer is listening at 9090
Mar 28, 2019 7:50:34 PM SequencerMain run
INFO: Sequencer is listening at 9090
Mar 28, 2019 7:50:38 PM SequencerMain run
INFO: Sequencer is listening at 9090
Mar 28, 2019 7:51:54 PM SequencerMain run
INFO: Sequencer is listening at 9090
Mar 28, 2019 7:52:42 PM SequencerMain run
INFO: Sequencer is listening at 9090
Mar 28, 2019 7:52:45 PM SequencerMain run
INFO: Sequencer is listening at 9090
Mar 28, 2019 7:55:03 PM SequencerMain run
INFO: Sequencer is listening at 9090
Mar 28, 2019 7:55:04 PM SequencerMain run
INFO: Sequencer is listening at 9090
Mar 28, 2019 7:56:47 PM SequencerMain run
INFO: Sequencer is listening at 9090
Mar 28, 2019 7:56:49 PM SequencerMain run
INFO: Sequencer is listening at 9090
Mar 28, 2019 8:10:34 PM SequencerMain run
INFO: Sequencer is listening at 9090
Mar 28, 2019 8:10:43 PM SequencerMain run
INFO: Sequencer is listening at 9090
Mar 28, 2019 8:11:25 PM SequencerMain run
INFO: Sequencer is listening at 9090
Mar 28, 2019 8:11:30 PM SequencerMain run
INFO: Sequencer is listening at 9090
Mar 28, 2019 8:13:01 PM SequencerMain run
INFO: Sequencer is listening at 9090
Mar 28, 2019 8:13:03 PM SequencerMain run
INFO: Sequencer is listening at 9090
Mar 28, 2019 8:21:26 PM SequencerMain run
INFO: Sequencer is listening at 9090
Mar 28, 2019 8:21:29 PM SequencerMain run
INFO: Sequencer is listening at 9090
Mar 28, 2019 8:24:35 PM SequencerMain run
INFO: Sequencer is listening at 9090
Mar 28, 2019 8:24:38 PM SequencerMain run
INFO: Sequencer is listening at 9090
Mar 28, 2019 8:24:47 PM SequencerMain run
INFO: Sequencer is listening at 9090
Mar 28, 2019 8:24:50 PM SequencerMain run
INFO: Sequencer is listening at 9090
Apr 01, 2019 7:21:07 PM SequencerMain run
INFO: Sequencer is listening at 9090
Apr 01, 2019 7:29:18 PM SequencerMain run
INFO: Sequencer is listening at 9090
Apr 01, 2019 7:29:49 PM SequencerMain run
INFO: Sequencer is listening at 9090
Apr 01, 2019 7:31:44 PM SequencerMain run
INFO: Sequencer is listening at 9090
Apr 01, 2019 7:32:09 PM SequencerMain run
INFO: Sequencer is listening at 9090
Apr 01, 2019 7:33:20 PM SequencerMain run
INFO: Sequencer is listening at 9090
Apr 01, 2019 7:33:36 PM SequencerMain run
INFO: Sequencer is listening at 9090
Apr 01, 2019 7:33:49 PM SequencerMain run
INFO: Sequencer is listening at 9090
Apr 01, 2019 7:34:14 PM SequencerMain run
INFO: Sequencer is listening at 9090
Apr 01, 2019 7:34:24 PM SequencerMain run
INFO: Sequencer is listening at 9090
Apr 01, 2019 7:35:30 PM SequencerMain run
INFO: Sequencer is listening at 9090
Apr 01, 2019 7:36:51 PM SequencerMain run
INFO: Sequencer is listening at 9090
Apr 01, 2019 7:38:29 PM SequencerMain run
INFO: Sequencer is listening at 9090
Apr 01, 2019 7:40:32 PM SequencerMain run
INFO: Sequencer is listening at 9090
Apr 01, 2019 7:40:50 PM SequencerMain run
INFO: Sequencer is listening at 9090
Apr 01, 2019 7:41:15 PM SequencerMain run
INFO: Sequencer is listening at 9090
Apr 01, 2019 7:41:19 PM SequencerMain run
INFO: Sequencer is listening at 9090
Apr 01, 2019 7:41:42 PM SequencerMain run
INFO: Sequencer is listening at 9090
Apr 01, 2019 7:42:00 PM SequencerMain run
INFO: Sequencer is listening at 9090
Apr 01, 2019 7:42:21 PM SequencerMain run
INFO: Sequencer is listening at 9090
Apr 01, 2019 7:43:16 PM SequencerMain run
INFO: Sequencer is listening at 9090
Apr 01, 2019 7:48:10 PM SequencerMain run
INFO: Sequencer is listening at 9090
Apr 01, 2019 7:48:46 PM SequencerMain run
INFO: Sequencer is listening at 9090
Apr 01, 2019 7:48:55 PM SequencerMain run
INFO: Sequencer is listening at 9090
Apr 01, 2019 7:50:46 PM SequencerMain run
INFO: Sequencer is listening at 9090
Apr 01, 2019 7:53:10 PM SequencerMain run
INFO: Sequencer is listening at 9090
Apr 01, 2019 7:53:22 PM SequencerMain run
INFO: Sequencer is listening at 9090
Apr 01, 2019 7:53:29 PM SequencerMain run
INFO: Sequencer is listening at 9090
Apr 01, 2019 7:53:32 PM SequencerMain run
INFO: Sequencer is listening at 9090
Apr 01, 2019 7:54:39 PM SequencerMain run
INFO: Sequencer is listening at 9090
Apr 01, 2019 7:56:00 PM SequencerMain run
INFO: Sequencer is listening at 9090
Apr 01, 2019 7:56:36 PM SequencerMain run
INFO: Sequencer is listening at 9090
Apr 01, 2019 8:01:43 PM SequencerMain run
INFO: Sequencer is listening at 9090
Apr 01, 2019 8:02:22 PM SequencerMain run
INFO: Sequencer is listening at 9090
Apr 01, 2019 8:02:24 PM SequencerMain run
INFO: Sequencer is listening at 9090
Apr 01, 2019 8:02:36 PM SequencerMain run
INFO: Sequencer is listening at 9090
Apr 01, 2019 8:03:19 PM SequencerMain run
INFO: Sequencer is listening at 9090
Apr 01, 2019 8:06:53 PM SequencerMain run
INFO: Sequencer is listening at 9090
Apr 01, 2019 8:07:25 PM SequencerMain run
INFO: Sequencer is listening at 9090
Apr 01, 2019 8:09:08 PM SequencerMain run
INFO: Sequencer is listening at 9090
Apr 01, 2019 8:09:17 PM SequencerMain run
INFO: Sequencer is listening at 9090
Apr 01, 2019 8:09:51 PM SequencerMain run
INFO: Sequencer is listening at 9090
Apr 01, 2019 8:09:54 PM SequencerMain run
INFO: Sequencer is listening at 9090
Apr 01, 2019 8:10:05 PM SequencerMain run
INFO: Sequencer is listening at 9090
Apr 01, 2019 8:10:17 PM SequencerMain run
INFO: Sequencer is listening at 9090
Apr 01, 2019 8:16:46 PM SequencerMain run
INFO: Sequencer is listening at 9090
Apr 01, 2019 8:16:57 PM SequencerMain run
INFO: Sequencer is listening at 9090
Apr 01, 2019 8:17:46 PM SequencerMain run
INFO: Sequencer is listening at 9090
Apr 01, 2019 8:29:53 PM SequencerMain run
INFO: Sequencer is listening at 9090
Apr 01, 2019 8:29:54 PM SequencerMain run
INFO: Sequencer is listening at 9090
Apr 01, 2019 8:30:41 PM SequencerMain run
INFO: Sequencer is listening at 9090
Apr 01, 2019 8:30:52 PM SequencerMain run
INFO: Sequencer is listening at 9090
Apr 01, 2019 8:30:53 PM SequencerMain run
INFO: Sequencer is listening at 9090
Apr 01, 2019 8:31:12 PM SequencerMain run
INFO: Sequencer is listening at 9090
Apr 01, 2019 8:31:26 PM SequencerMain run
INFO: Sequencer is listening at 9090
Apr 01, 2019 8:36:36 PM SequencerMain run
INFO: Sequencer is listening at 9090
Apr 01, 2019 8:36:46 PM SequencerMain run
INFO: Sequencer is listening at 9090
Apr 01, 2019 8:36:53 PM SequencerMain run
INFO: Sequencer is listening at 9090
Apr 01, 2019 8:37:29 PM SequencerMain run
INFO: Sequencer is listening at 9090
Apr 01, 2019 8:37:34 PM SequencerMain run
INFO: Sequencer is listening at 9090
Apr 01, 2019 8:37:36 PM SequencerMain run
INFO: Sequencer is listening at 9090
Apr 01, 2019 8:37:43 PM SequencerMain run
INFO: Sequencer is listening at 9090
Apr 01, 2019 8:37:58 PM SequencerMain run
INFO: Sequencer is listening at 9090
Apr 01, 2019 8:43:11 PM SequencerMain run
INFO: Sequencer is listening at 9090
Apr 01, 2019 8:43:19 PM SequencerMain run
INFO: Sequencer is listening at 9090
Apr 01, 2019 8:43:33 PM SequencerMain run
INFO: Sequencer is listening at 9090
Apr 01, 2019 8:44:19 PM SequencerMain run
INFO: Sequencer is listening at 9090
Apr 01, 2019 8:44:29 PM SequencerMain run
INFO: Sequencer is listening at 9090
Apr 01, 2019 8:45:27 PM SequencerMain run
INFO: Sequencer is listening at 9090
Apr 01, 2019 8:45:36 PM SequencerMain run
INFO: Sequencer is listening at 9090
Apr 01, 2019 8:45:54 PM SequencerMain run
INFO: Sequencer is listening at 9090
Apr 01, 2019 8:46:49 PM SequencerMain run
INFO: Sequencer is listening at 9090
Apr 01, 2019 8:47:08 PM SequencerMain run
INFO: Sequencer is listening at 9090
Apr 01, 2019 8:47:28 PM SequencerMain run
INFO: Sequencer is listening at 9090
Apr 01, 2019 8:48:22 PM SequencerMain run
INFO: Sequencer is listening at 9090
Apr 01, 2019 8:48:38 PM SequencerMain run
INFO: Sequencer is listening at 9090
Apr 01, 2019 8:48:54 PM SequencerMain run
INFO: Sequencer is listening at 9090
Apr 01, 2019 8:48:56 PM SequencerMain run
INFO: Sequencer is listening at 9090
Apr 01, 2019 8:49:06 PM SequencerMain run
INFO: Sequencer is listening at 9090
Apr 01, 2019 8:49:09 PM SequencerMain run
INFO: Sequencer is listening at 9090
Apr 01, 2019 8:49:24 PM SequencerMain run
INFO: Sequencer is listening at 9090
Apr 01, 2019 8:49:28 PM SequencerMain run
INFO: Sequencer is listening at 9090
Apr 01, 2019 8:52:07 PM SequencerMain run
INFO: Sequencer is listening at 9090
Apr 01, 2019 8:52:39 PM SequencerMain run
INFO: Sequencer is listening at 9090
Apr 01, 2019 8:53:34 PM SequencerMain run
INFO: Sequencer is listening at 9090
Apr 01, 2019 8:54:40 PM SequencerMain run
INFO: Sequencer is listening at 9090
Apr 01, 2019 8:59:22 PM SequencerMain run
INFO: Sequencer is listening at 9090
Apr 01, 2019 10:35:22 PM SequencerMain run
INFO: Sequencer is listening at 9090
Apr 01, 2019 11:16:26 PM SequencerMain run
INFO: Sequencer is listening at 9090
Apr 01, 2019 11:17:36 PM SequencerMain run
INFO: Sequencer is listening at 9090
Apr 01, 2019 11:17:59 PM SequencerMain run
INFO: Sequencer is listening at 9090
Apr 01, 2019 11:18:19 PM SequencerMain run
INFO: Sequencer is listening at 9090
Apr 01, 2019 11:21:54 PM SequencerMain run
INFO: Sequencer is listening at 9090
Apr 01, 2019 11:22:09 PM SequencerMain run
INFO: Sequencer is listening at 9090
Apr 01, 2019 11:22:19 PM SequencerMain run
INFO: Sequencer is listening at 9090
Apr 01, 2019 11:23:05 PM SequencerMain run
INFO: Sequencer is listening at 9090
Apr 01, 2019 11:23:38 PM SequencerMain run
INFO: Sequencer is listening at 9090
Apr 01, 2019 11:23:50 PM SequencerMain run
INFO: Sequencer is listening at 9090
Apr 01, 2019 11:24:02 PM SequencerMain run
INFO: Sequencer is listening at 9090
Apr 01, 2019 11:25:06 PM SequencerMain run
INFO: Sequencer is listening at 9090
Apr 01, 2019 11:25:16 PM SequencerMain run
INFO: Sequencer is listening at 9090
Apr 01, 2019 11:25:31 PM SequencerMain run
INFO: Sequencer is listening at 9090
Apr 01, 2019 11:25:41 PM SequencerMain run
INFO: Sequencer is listening at 9090
Apr 01, 2019 11:25:48 PM SequencerMain run
INFO: Sequencer is listening at 9090
Apr 01, 2019 11:26:59 PM SequencerMain run
INFO: Sequencer is listening at 9090
Apr 01, 2019 11:27:10 PM SequencerMain run
INFO: Sequencer is listening at 9090
Apr 01, 2019 11:27:17 PM SequencerMain run
INFO: Sequencer is listening at 9090
Apr 01, 2019 11:27:37 PM SequencerMain run
INFO: Sequencer is listening at 9090
Apr 01, 2019 11:27:44 PM SequencerMain run
INFO: Sequencer is listening at 9090
Apr 01, 2019 11:29:16 PM SequencerMain run
INFO: Sequencer is listening at 9090
Apr 01, 2019 11:29:21 PM SequencerMain run
INFO: Sequencer is listening at 9090
Apr 01, 2019 11:29:31 PM SequencerMain run
INFO: Sequencer is listening at 9090
Apr 01, 2019 11:30:39 PM SequencerMain run
INFO: Sequencer is listening at 9090
Apr 01, 2019 11:30:49 PM SequencerMain run
INFO: Sequencer is listening at 9090
Apr 01, 2019 11:31:10 PM SequencerMain run
INFO: Sequencer is listening at 9090
Apr 01, 2019 11:32:29 PM SequencerMain run
INFO: Sequencer is listening at 9090
Apr 01, 2019 11:32:35 PM SequencerMain run
INFO: Sequencer is listening at 9090
Apr 01, 2019 11:32:43 PM SequencerMain run
INFO: Sequencer is listening at 9090
Apr 01, 2019 11:32:51 PM SequencerMain run
INFO: Sequencer is listening at 9090
Apr 01, 2019 11:34:24 PM SequencerMain run
INFO: Sequencer is listening at 9090
Apr 01, 2019 11:34:26 PM SequencerMain run
INFO: Sequencer is listening at 9090
Apr 01, 2019 11:39:03 PM SequencerMain run
INFO: Sequencer is listening at 9090
Apr 01, 2019 11:39:09 PM SequencerMain run
INFO: Sequencer is listening at 9090
Apr 01, 2019 11:40:29 PM SequencerMain run
INFO: Sequencer is listening at 9090
Apr 01, 2019 11:40:37 PM SequencerMain run
INFO: Sequencer is listening at 9090
Apr 01, 2019 11:40:47 PM SequencerMain run
INFO: Sequencer is listening at 9090
Apr 01, 2019 11:40:53 PM SequencerMain run
INFO: Sequencer is listening at 9090
Apr 01, 2019 11:41:23 PM SequencerMain run
INFO: Sequencer is listening at 9090
Apr 01, 2019 11:43:10 PM SequencerMain run
INFO: Sequencer is listening at 9090
Apr 01, 2019 11:43:47 PM SequencerMain run
INFO: Sequencer is listening at 9090
Apr 01, 2019 11:43:53 PM SequencerMain run
INFO: Sequencer is listening at 9090
Apr 01, 2019 11:44:17 PM SequencerMain run
INFO: Sequencer is listening at 9090
Apr 01, 2019 11:44:25 PM SequencerMain run
INFO: Sequencer is listening at 9090
Apr 01, 2019 11:44:33 PM SequencerMain run
INFO: Sequencer is listening at 9090
Apr 01, 2019 11:44:39 PM SequencerMain run
INFO: Sequencer is listening at 9090
Apr 01, 2019 11:44:56 PM SequencerMain run
INFO: Sequencer is listening at 9090
Apr 01, 2019 11:45:00 PM SequencerMain run
INFO: Sequencer is listening at 9090
Apr 01, 2019 11:46:48 PM SequencerMain run
INFO: Sequencer is listening at 9090
Apr 01, 2019 11:47:01 PM SequencerMain run
INFO: Sequencer is listening at 9090
Apr 01, 2019 11:49:27 PM SequencerMain run
INFO: Sequencer is listening at 9090
Apr 01, 2019 11:49:51 PM SequencerMain run
INFO: Sequencer is listening at 9090
Apr 01, 2019 11:50:00 PM SequencerMain run
INFO: Sequencer is listening at 9090
Apr 01, 2019 11:50:09 PM SequencerMain run
INFO: Sequencer is listening at 9090
Apr 01, 2019 11:56:31 PM SequencerMain run
INFO: Sequencer is listening at 9090
Apr 01, 2019 11:56:50 PM SequencerMain run
INFO: Sequencer is listening at 9090
Apr 01, 2019 11:57:16 PM SequencerMain run
INFO: Sequencer is listening at 9090
Apr 02, 2019 12:10:09 AM SequencerMain run
INFO: Sequencer is listening at 9090
Apr 02, 2019 12:10:26 AM SequencerMain run
INFO: Sequencer is listening at 9090
Apr 02, 2019 12:10:30 AM SequencerMain run
INFO: Sequencer is listening at 9090
Apr 02, 2019 12:10:49 AM SequencerMain run
INFO: Sequencer is listening at 9090
Apr 02, 2019 12:10:55 AM SequencerMain run
INFO: Sequencer is listening at 9090
Apr 02, 2019 12:11:34 AM SequencerMain run
INFO: Sequencer is listening at 9090
Apr 02, 2019 12:11:42 AM SequencerMain run
INFO: Sequencer is listening at 9090
Apr 02, 2019 12:11:49 AM SequencerMain run
INFO: Sequencer is listening at 9090
Apr 02, 2019 12:14:51 AM SequencerMain run
INFO: Sequencer is listening at 9090
Apr 02, 2019 12:17:07 AM SequencerMain run
INFO: Sequencer is listening at 9090
Apr 02, 2019 12:18:16 AM SequencerMain run
INFO: Sequencer is listening at 9090
Apr 02, 2019 12:24:08 AM SequencerMain run
INFO: Sequencer is listening at 9090
Apr 02, 2019 12:25:16 AM SequencerMain run
INFO: Sequencer is listening at 9090
Apr 02, 2019 12:36:41 AM SequencerMain run
INFO: Sequencer is listening at 9090
Apr 02, 2019 12:36:50 AM SequencerMain run
INFO: Sequencer is listening at 9090
Apr 02, 2019 12:48:46 AM SequencerMain run
INFO: Sequencer is listening at 9090
Apr 02, 2019 12:49:16 AM SequencerMain run
INFO: Sequencer is listening at 9090
Apr 02, 2019 12:49:27 AM SequencerMain run
INFO: Sequencer is listening at 9090
Apr 02, 2019 12:49:37 AM SequencerMain run
INFO: Sequencer is listening at 9090
Apr 02, 2019 12:49:44 AM SequencerMain run
INFO: Sequencer is listening at 9090
Apr 02, 2019 12:49:48 AM SequencerMain run
INFO: Sequencer is listening at 9090
Apr 02, 2019 12:50:01 AM SequencerMain run
INFO: Sequencer is listening at 9090
Apr 02, 2019 12:50:06 AM SequencerMain run
INFO: Sequencer is listening at 9090
Apr 02, 2019 8:32:10 AM SequencerMain run
INFO: Sequencer is listening at 9090
Apr 02, 2019 8:33:21 AM SequencerMain run
INFO: Sequencer is listening at 9090
Apr 02, 2019 8:33:39 AM SequencerMain run
INFO: Sequencer is listening at 9090
Apr 02, 2019 8:36:05 AM SequencerMain run
INFO: Sequencer is listening at 9090
Apr 02, 2019 8:36:19 AM SequencerMain run
INFO: Sequencer is listening at 9090
Apr 02, 2019 8:36:28 AM SequencerMain run
INFO: Sequencer is listening at 9090
Apr 02, 2019 8:36:35 AM SequencerMain run
INFO: Sequencer is listening at 9090
Apr 02, 2019 8:43:08 AM SequencerMain run
INFO: Sequencer is listening at 9090
Apr 02, 2019 8:43:15 AM SequencerMain run
INFO: Sequencer is listening at 9090
Apr 02, 2019 8:43:36 AM SequencerMain run
INFO: Sequencer is listening at 9090
Apr 02, 2019 8:43:57 AM SequencerMain run
INFO: Sequencer is listening at 9090
Apr 02, 2019 8:44:04 AM SequencerMain run
INFO: Sequencer is listening at 9090
Apr 02, 2019 8:44:07 AM SequencerMain run
INFO: Sequencer is listening at 9090
Apr 02, 2019 8:44:18 AM SequencerMain run
INFO: Sequencer is listening at 9090
Apr 02, 2019 8:44:20 AM SequencerMain run
INFO: Sequencer is listening at 9090
Apr 02, 2019 8:51:34 AM SequencerMain run
INFO: Sequencer is listening at 9090
Apr 02, 2019 8:52:00 AM SequencerMain run
INFO: Sequencer is listening at 9090
Apr 02, 2019 8:54:16 AM SequencerMain run
INFO: Sequencer is listening at 9090
Apr 02, 2019 8:56:20 AM SequencerMain run
INFO: Sequencer is listening at 9090
Apr 02, 2019 9:08:49 AM SequencerMain run
INFO: Sequencer is listening at 9090
Apr 02, 2019 9:08:57 AM SequencerMain run
INFO: Sequencer is listening at 9090
Apr 02, 2019 9:09:04 AM SequencerMain run
INFO: Sequencer is listening at 9090
Apr 02, 2019 9:09:20 AM SequencerMain run
INFO: Sequencer is listening at 9090
Apr 02, 2019 9:09:25 AM SequencerMain run
INFO: Sequencer is listening at 9090
Apr 02, 2019 9:13:17 AM SequencerMain run
INFO: Sequencer is listening at 9090
Apr 02, 2019 9:13:29 AM SequencerMain run
INFO: Sequencer is listening at 9090
Apr 02, 2019 9:13:44 AM SequencerMain run
INFO: Sequencer is listening at 9090
Apr 02, 2019 9:13:59 AM SequencerMain run
INFO: Sequencer is listening at 9090
Apr 02, 2019 9:14:14 AM SequencerMain run
INFO: Sequencer is listening at 9090
Apr 02, 2019 9:14:20 AM SequencerMain run
INFO: Sequencer is listening at 9090
Apr 02, 2019 9:15:59 AM SequencerMain run
INFO: Sequencer is listening at 9090
Apr 02, 2019 9:16:19 AM SequencerMain run
INFO: Sequencer is listening at 9090
Apr 02, 2019 9:16:41 AM SequencerMain run
INFO: Sequencer is listening at 9090
Apr 02, 2019 9:17:04 AM SequencerMain run
INFO: Sequencer is listening at 9090
Apr 02, 2019 9:17:14 AM SequencerMain run
INFO: Sequencer is listening at 9090
Apr 02, 2019 9:23:20 AM SequencerMain run
INFO: Sequencer is listening at 9090
Apr 02, 2019 9:23:29 AM SequencerMain run
INFO: Sequencer is listening at 9090
Apr 02, 2019 9:23:37 AM SequencerMain run
INFO: Sequencer is listening at 9090
Apr 02, 2019 9:24:11 AM SequencerMain run
INFO: Sequencer is listening at 9090
Apr 02, 2019 9:24:42 AM SequencerMain run
INFO: Sequencer is listening at 9090
Apr 02, 2019 9:24:48 AM SequencerMain run
INFO: Sequencer is listening at 9090
Apr 02, 2019 9:25:00 AM SequencerMain run
INFO: Sequencer is listening at 9090
Apr 02, 2019 9:25:35 AM SequencerMain run
INFO: Sequencer is listening at 9090
Apr 02, 2019 9:25:37 AM SequencerMain run
INFO: Sequencer is listening at 9090
Apr 02, 2019 9:26:03 AM SequencerMain run
INFO: Sequencer is listening at 9090
Apr 02, 2019 9:26:06 AM SequencerMain run
INFO: Sequencer is listening at 9090
Apr 02, 2019 9:26:20 AM SequencerMain run
INFO: Sequencer is listening at 9090
Apr 02, 2019 9:26:22 AM SequencerMain run
INFO: Sequencer is listening at 9090
Apr 02, 2019 9:26:41 AM SequencerMain run
INFO: Sequencer is listening at 9090
Apr 02, 2019 9:26:54 AM SequencerMain run
INFO: Sequencer is listening at 9090
Apr 02, 2019 9:27:01 AM SequencerMain run
INFO: Sequencer is listening at 9090
Apr 02, 2019 9:27:14 AM SequencerMain run
INFO: Sequencer is listening at 9090
Apr 02, 2019 9:27:22 AM SequencerMain run
INFO: Sequencer is listening at 9090
Apr 02, 2019 9:27:24 AM SequencerMain run
INFO: Sequencer is listening at 9090
Apr 02, 2019 9:27:36 AM SequencerMain run
INFO: Sequencer is listening at 9090
Apr 02, 2019 9:27:42 AM SequencerMain run
INFO: Sequencer is listening at 9090
Apr 02, 2019 9:34:03 AM SequencerMain run
INFO: Sequencer is listening at 9090
Apr 02, 2019 9:34:08 AM SequencerMain run
INFO: Sequencer is listening at 9090
Apr 02, 2019 9:34:40 AM SequencerMain run
INFO: Sequencer is listening at 9090
Apr 02, 2019 9:34:52 AM SequencerMain run
INFO: Sequencer is listening at 9090
Apr 02, 2019 9:35:04 AM SequencerMain run
INFO: Sequencer is listening at 9090
Apr 02, 2019 9:35:13 AM SequencerMain run
INFO: Sequencer is listening at 9090
Apr 02, 2019 9:35:14 AM SequencerMain run
INFO: Sequencer is listening at 9090
Apr 02, 2019 9:35:56 AM SequencerMain run
INFO: Sequencer is listening at 9090
Apr 02, 2019 9:36:44 AM SequencerMain run
INFO: Sequencer is listening at 9090
Apr 02, 2019 9:36:55 AM SequencerMain run
INFO: Sequencer is listening at 9090
Apr 02, 2019 9:36:56 AM SequencerMain run
INFO: Sequencer is listening at 9090
Apr 02, 2019 9:37:07 AM SequencerMain run
INFO: Sequencer is listening at 9090
Apr 02, 2019 9:37:12 AM SequencerMain run
INFO: Sequencer is listening at 9090
Apr 02, 2019 9:44:36 AM SequencerMain run
INFO: Sequencer is listening at 9090
Apr 02, 2019 9:44:53 AM SequencerMain run
INFO: Sequencer is listening at 9090
Apr 02, 2019 9:45:00 AM SequencerMain run
INFO: Sequencer is listening at 9090
Apr 02, 2019 9:45:14 AM SequencerMain run
INFO: Sequencer is listening at 9090
Apr 02, 2019 9:45:18 AM SequencerMain run
INFO: Sequencer is listening at 9090
Apr 02, 2019 9:45:52 AM SequencerMain run
INFO: Sequencer is listening at 9090
Apr 02, 2019 9:45:54 AM SequencerMain run
INFO: Sequencer is listening at 9090
Apr 02, 2019 9:46:11 AM SequencerMain run
INFO: Sequencer is listening at 9090
Apr 02, 2019 9:46:20 AM SequencerMain run
INFO: Sequencer is listening at 9090
Apr 02, 2019 9:46:41 AM SequencerMain run
INFO: Sequencer is listening at 9090
Apr 02, 2019 10:00:27 AM SequencerMain run
INFO: Sequencer is listening at 9090
Apr 02, 2019 10:00:39 AM SequencerMain run
INFO: Sequencer is listening at 9090
Apr 02, 2019 10:00:44 AM SequencerMain run
INFO: Sequencer is listening at 9090
Apr 02, 2019 10:03:16 AM SequencerMain run
INFO: Sequencer is listening at 9090
Apr 02, 2019 10:03:19 AM SequencerMain run
INFO: Sequencer is listening at 9090
Apr 02, 2019 10:03:31 AM SequencerMain run
INFO: Sequencer is listening at 9090
Apr 02, 2019 10:03:42 AM SequencerMain run
INFO: Sequencer is listening at 9090
Apr 02, 2019 10:04:18 AM SequencerMain run
INFO: Sequencer is listening at 9090
Apr 02, 2019 10:04:27 AM SequencerMain run
INFO: Sequencer is listening at 9090
Apr 02, 2019 10:09:18 AM SequencerMain run
INFO: Sequencer is listening at 9090
Apr 02, 2019 10:09:25 AM SequencerMain run
INFO: Sequencer is listening at 9090
Apr 02, 2019 10:09:32 AM SequencerMain run
INFO: Sequencer is listening at 9090
Apr 02, 2019 10:09:51 AM SequencerMain run
INFO: Sequencer is listening at 9090
Apr 02, 2019 10:09:58 AM SequencerMain run
INFO: Sequencer is listening at 9090
Apr 02, 2019 10:13:13 AM SequencerMain run
INFO: Sequencer is listening at 9090
Apr 02, 2019 10:13:15 AM SequencerMain run
INFO: Sequencer is listening at 9090
Apr 02, 2019 10:13:29 AM SequencerMain run
INFO: Sequencer is listening at 9090
Apr 02, 2019 10:13:34 AM SequencerMain run
INFO: Sequencer is listening at 9090
Apr 02, 2019 10:14:40 AM SequencerMain run
INFO: Sequencer is listening at 9090
Apr 02, 2019 10:14:48 AM SequencerMain run
INFO: Sequencer is listening at 9090
Apr 02, 2019 10:20:05 AM SequencerMain run
INFO: Sequencer is listening at 9090
Apr 02, 2019 10:23:47 AM SequencerMain run
INFO: Sequencer is listening at 9090
Apr 02, 2019 10:51:34 AM SequencerMain run
INFO: Sequencer is listening at 9090
Apr 02, 2019 10:51:46 AM SequencerMain run
INFO: Sequencer is listening at 9090
Apr 02, 2019 10:51:52 AM SequencerMain run
INFO: Sequencer is listening at 9090
Apr 02, 2019 10:51:56 AM SequencerMain run
INFO: Sequencer is listening at 9090
Apr 02, 2019 10:52:09 AM SequencerMain run
INFO: Sequencer is listening at 9090
Apr 02, 2019 10:52:17 AM SequencerMain run
INFO: Sequencer is listening at 9090
Apr 02, 2019 10:52:28 AM SequencerMain run
INFO: Sequencer is listening at 9090
Apr 02, 2019 10:52:36 AM SequencerMain run
INFO: Sequencer is listening at 9090
Apr 02, 2019 11:42:22 AM SequencerMain run
INFO: Sequencer is listening at 9090
Apr 02, 2019 11:42:26 AM SequencerMain run
INFO: Sequencer is listening at 9090
Apr 02, 2019 11:42:39 AM SequencerMain run
INFO: Sequencer is listening at 9090
Apr 02, 2019 11:42:46 AM SequencerMain run
INFO: Sequencer is listening at 9090
Apr 02, 2019 11:43:24 AM SequencerMain run
INFO: Sequencer is listening at 9090
Apr 02, 2019 11:43:33 AM SequencerMain run
INFO: Sequencer is listening at 9090
Apr 02, 2019 11:43:41 AM SequencerMain run
INFO: Sequencer is listening at 9090
Apr 02, 2019 11:43:51 AM SequencerMain run
INFO: Sequencer is listening at 9090
Apr 02, 2019 11:43:57 AM SequencerMain run
INFO: Sequencer is listening at 9090
Apr 02, 2019 11:52:52 AM SequencerMain run
INFO: Sequencer is listening at 9090
Apr 02, 2019 11:53:02 AM SequencerMain run
INFO: Sequencer is listening at 9090
Apr 02, 2019 11:53:47 AM SequencerMain run
INFO: Sequencer is listening at 9090
Apr 02, 2019 12:06:20 PM SequencerMain run
INFO: Sequencer is listening at 9090
Apr 02, 2019 12:06:33 PM SequencerMain run
INFO: Sequencer is listening at 9090
Apr 02, 2019 12:13:25 PM SequencerMain run
INFO: Sequencer is listening at 9090
Apr 02, 2019 12:13:34 PM SequencerMain run
INFO: Sequencer is listening at 9090
Apr 02, 2019 12:14:01 PM SequencerMain run
INFO: Sequencer is listening at 9090
Apr 02, 2019 12:14:12 PM SequencerMain run
INFO: Sequencer is listening at 9090
Apr 02, 2019 12:37:23 PM SequencerMain run
INFO: Sequencer is listening at 9090
Apr 02, 2019 12:37:30 PM SequencerMain run
INFO: Sequencer is listening at 9090
Apr 02, 2019 12:37:35 PM SequencerMain run
INFO: Sequencer is listening at 9090
Apr 02, 2019 12:37:56 PM SequencerMain run
INFO: Sequencer is listening at 9090
Apr 02, 2019 12:40:22 PM SequencerMain run
INFO: Sequencer is listening at 9090
Apr 02, 2019 12:40:30 PM SequencerMain run
INFO: Sequencer is listening at 9090
Apr 02, 2019 12:40:36 PM SequencerMain run
INFO: Sequencer is listening at 9090
Apr 02, 2019 12:40:43 PM SequencerMain run
INFO: Sequencer is listening at 9090
Apr 02, 2019 12:42:30 PM SequencerMain run
INFO: Sequencer is listening at 9090
Apr 02, 2019 12:42:56 PM SequencerMain run
INFO: Sequencer is listening at 9090
Apr 02, 2019 12:46:27 PM SequencerMain run
INFO: Sequencer is listening at 9090
Apr 02, 2019 12:46:37 PM SequencerMain run
INFO: Sequencer is listening at 9090
Apr 02, 2019 12:46:40 PM SequencerMain run
INFO: Sequencer is listening at 9090
Apr 02, 2019 12:46:55 PM SequencerMain run
INFO: Sequencer is listening at 9090
Apr 02, 2019 12:46:57 PM SequencerMain run
INFO: Sequencer is listening at 9090
Apr 02, 2019 12:47:06 PM SequencerMain run
INFO: Sequencer is listening at 9090
Apr 02, 2019 12:47:27 PM SequencerMain run
INFO: Sequencer is listening at 9090
Apr 02, 2019 12:47:50 PM SequencerMain run
INFO: Sequencer is listening at 9090
Apr 02, 2019 12:48:00 PM SequencerMain run
INFO: Sequencer is listening at 9090
Apr 02, 2019 12:48:30 PM SequencerMain run
INFO: Sequencer is listening at 9090
Apr 02, 2019 12:48:37 PM SequencerMain run
INFO: Sequencer is listening at 9090
Apr 02, 2019 12:49:37 PM SequencerMain run
INFO: Sequencer is listening at 9090
Apr 02, 2019 12:49:45 PM SequencerMain run
INFO: Sequencer is listening at 9090
Apr 02, 2019 12:49:59 PM SequencerMain run
INFO: Sequencer is listening at 9090
Apr 02, 2019 12:50:09 PM SequencerMain run
INFO: Sequencer is listening at 9090
Apr 02, 2019 12:50:38 PM SequencerMain run
INFO: Sequencer is listening at 9090
Apr 02, 2019 12:50:47 PM SequencerMain run
INFO: Sequencer is listening at 9090
Apr 02, 2019 12:56:16 PM SequencerMain run
INFO: Sequencer is listening at 9090
Apr 02, 2019 12:56:26 PM SequencerMain run
INFO: Sequencer is listening at 9090
Apr 02, 2019 12:56:47 PM SequencerMain run
INFO: Sequencer is listening at 9090
Apr 02, 2019 12:57:07 PM SequencerMain run
INFO: Sequencer is listening at 9090
Apr 02, 2019 12:58:59 PM SequencerMain run
INFO: Sequencer is listening at 9090
Apr 02, 2019 12:59:06 PM SequencerMain run
INFO: Sequencer is listening at 9090
Apr 02, 2019 12:59:16 PM SequencerMain run
INFO: Sequencer is listening at 9090
Apr 02, 2019 12:59:23 PM SequencerMain run
INFO: Sequencer is listening at 9090
Apr 02, 2019 12:59:35 PM SequencerMain run
INFO: Sequencer is listening at 9090
Apr 02, 2019 1:02:18 PM SequencerMain run
INFO: Sequencer is listening at 9090
Apr 02, 2019 1:02:35 PM SequencerMain run
INFO: Sequencer is listening at 9090
Apr 02, 2019 1:03:41 PM SequencerMain run
INFO: Sequencer is listening at 9090
Apr 02, 2019 1:03:51 PM SequencerMain run
INFO: Sequencer is listening at 9090
Apr 02, 2019 1:04:41 PM SequencerMain run
INFO: Sequencer is listening at 9090
Apr 02, 2019 1:04:54 PM SequencerMain run
INFO: Sequencer is listening at 9090
Apr 02, 2019 1:05:07 PM SequencerMain run
INFO: Sequencer is listening at 9090
Apr 02, 2019 1:05:17 PM SequencerMain run
INFO: Sequencer is listening at 9090
Apr 02, 2019 1:05:31 PM SequencerMain run
INFO: Sequencer is listening at 9090
Apr 02, 2019 1:05:45 PM SequencerMain run
INFO: Sequencer is listening at 9090
Apr 02, 2019 1:06:56 PM SequencerMain run
INFO: Sequencer is listening at 9090
Apr 02, 2019 1:07:15 PM SequencerMain run
INFO: Sequencer is listening at 9090
Apr 02, 2019 1:07:21 PM SequencerMain run
INFO: Sequencer is listening at 9090
Apr 02, 2019 1:28:43 PM SequencerMain run
INFO: Sequencer is listening at 9090
Apr 02, 2019 1:29:15 PM SequencerMain run
INFO: Sequencer is listening at 9090
Apr 02, 2019 1:32:07 PM SequencerMain run
INFO: Sequencer is listening at 9090
Apr 02, 2019 1:32:14 PM SequencerMain run
INFO: Sequencer is listening at 9090
Apr 02, 2019 1:32:15 PM SequencerMain run
INFO: Sequencer is listening at 9090
Apr 02, 2019 3:51:17 PM SequencerMain run
INFO: Sequencer is listening at 9090
Apr 02, 2019 3:51:28 PM SequencerMain run
INFO: Sequencer is listening at 9090
Apr 02, 2019 3:51:43 PM SequencerMain run
INFO: Sequencer is listening at 9090
Apr 02, 2019 3:51:57 PM SequencerMain run
INFO: Sequencer is listening at 9090
Apr 02, 2019 3:52:07 PM SequencerMain run
INFO: Sequencer is listening at 9090
Apr 02, 2019 3:52:11 PM SequencerMain run
INFO: Sequencer is listening at 9090
Apr 02, 2019 3:53:23 PM SequencerMain run
INFO: Sequencer is listening at 9090
Apr 02, 2019 3:53:26 PM SequencerMain run
INFO: Sequencer is listening at 9090
Apr 02, 2019 3:59:45 PM SequencerMain run
INFO: Sequencer is listening at 9090
Apr 02, 2019 3:59:51 PM SequencerMain run
INFO: Sequencer is listening at 9090
Apr 02, 2019 3:59:55 PM SequencerMain run
INFO: Sequencer is listening at 9090
Apr 02, 2019 3:59:56 PM SequencerMain run
INFO: Sequencer is listening at 9090
Apr 02, 2019 4:00:03 PM SequencerMain run
INFO: Sequencer is listening at 9090
Apr 02, 2019 4:00:13 PM SequencerMain run
INFO: Sequencer is listening at 9090
Apr 02, 2019 4:01:03 PM SequencerMain run
INFO: Sequencer is listening at 9090
Apr 02, 2019 4:01:10 PM SequencerMain run
INFO: Sequencer is listening at 9090
Apr 02, 2019 4:01:22 PM SequencerMain run
INFO: Sequencer is listening at 9090
Apr 02, 2019 4:02:36 PM SequencerMain run
INFO: Sequencer is listening at 9090
Apr 02, 2019 4:02:40 PM SequencerMain run
INFO: Sequencer is listening at 9090
